<?xml version="1.0" encoding="UTF-8"?>
<!-- Generated by org.testng.reporters.JUnitReportReporter -->
<testsuite hostname="LAPTOP-VCB7V915" failures="0" tests="2" name="TestNG_Selenium.Ebay_testcase" time="24.482" errors="0" timestamp="2025-08-16T11:28:37 IST" skipped="0">
  <testcase classname="TestNG_Selenium.Ebay_testcase" name="testLogin" time="14.664"/>
  <testcase classname="TestNG_Selenium.Ebay_testcase" name="testMultiplesearches" time="9.818"/>
</testsuite> <!-- TestNG_Selenium.Ebay_testcase -->
