<?xml version="1.0" encoding="UTF-8"?>
<!-- Generated by org.testng.reporters.JUnitReportReporter -->
<testsuite hostname="LAPTOP-VCB7V915" failures="0" tests="1" name="TestNG_Selenium.FluentWait_exam" time="5.754" errors="0" timestamp="2025-08-14T16:08:20 IST" skipped="0">
  <testcase classname="TestNG_Selenium.FluentWait_exam" name="Fluent" time="5.754"/>
</testsuite> <!-- TestNG_Selenium.FluentWait_exam -->
