<?xml version="1.0" encoding="UTF-8"?>
<!-- Generated by org.testng.reporters.JUnitReportReporter -->
<testsuite hostname="LAPTOP-VCB7V915" failures="0" tests="5" name="TestNG_Selenium.ExcelTest" time="65.747" errors="0" timestamp="2025-08-16T16:53:52 IST" skipped="0">
  <testcase classname="TestNG_Selenium.ExcelTest" name="testLogin" time="41.119"/>
  <testcase classname="TestNG_Selenium.ExcelTest" name="testLogin" time="4.443"/>
  <testcase classname="TestNG_Selenium.ExcelTest" name="testLogin" time="7.720"/>
  <testcase classname="TestNG_Selenium.ExcelTest" name="testLogin" time="7.069"/>
  <testcase classname="TestNG_Selenium.ExcelTest" name="testLogin" time="5.396"/>
</testsuite> <!-- TestNG_Selenium.ExcelTest -->
