<?xml version="1.0" encoding="UTF-8"?>
<!-- Generated by org.testng.reporters.JUnitReportReporter -->
<testsuite hostname="LAPTOP-VCB7V915" failures="0" tests="4" name="TestNG_Selenium.ParallelTesting_prac" time="28.754" errors="0" timestamp="2025-08-14T12:09:37 IST" skipped="0">
  <testcase classname="TestNG_Selenium.ParallelTesting_prac" name="flipkart" time="9.308"/>
  <testcase classname="TestNG_Selenium.ParallelTesting_prac" name="zerobank" time="8.238"/>
  <testcase classname="TestNG_Selenium.ParallelTesting_prac" name="amazon" time="6.894"/>
  <testcase classname="TestNG_Selenium.ParallelTesting_prac" name="eBay" time="4.314"/>
</testsuite> <!-- TestNG_Selenium.ParallelTesting_prac -->
