<?xml version="1.0" encoding="UTF-8"?>
<!-- Generated by org.testng.reporters.JUnitReportReporter -->
<testsuite hostname="LAPTOP-VCB7V915" failures="0" tests="2" name="TestNG_Selenium.Wait_example" time="6.316" errors="0" timestamp="2025-08-14T16:13:08 IST" skipped="0">
  <testcase classname="TestNG_Selenium.Wait_example" name="openpage" time="5.081"/>
  <testcase classname="TestNG_Selenium.Wait_example" name="implicitwait" time="1.235"/>
</testsuite> <!-- TestNG_Selenium.Wait_example -->
