<?xml version="1.0" encoding="UTF-8"?>
<!-- Generated by org.testng.reporters.JUnitReportReporter -->
<testsuite hostname="LAPTOP-VCB7V915" failures="0" tests="3" name="TestNG_Selenium.Ebay_testng" time="22.806" errors="0" timestamp="2025-08-13T12:32:36 IST" skipped="0">
  <testcase classname="TestNG_Selenium.Ebay_testng" name="search" time="9.405"/>
  <testcase classname="TestNG_Selenium.Ebay_testng" name="search1" time="8.862"/>
  <testcase classname="TestNG_Selenium.Ebay_testng" name="search11" time="4.539"/>
</testsuite> <!-- TestNG_Selenium.Ebay_testng -->
