<?xml version="1.0" encoding="UTF-8"?>
<!-- Generated by org.testng.reporters.JUnitReportReporter -->
<testsuite hostname="LAPTOP-VCB7V915" failures="0" tests="1" name="TestNG_Selenium.ClassTest2" time="8.596" errors="0" timestamp="2025-08-14T13:16:10 IST" skipped="0">
  <testcase classname="TestNG_Selenium.ClassTest2" name="flipkart" time="8.596"/>
</testsuite> <!-- TestNG_Selenium.ClassTest2 -->
