<?xml version="1.0" encoding="UTF-8"?>
<!-- Generated by org.testng.reporters.JUnitReportReporter -->
<testsuite hostname="LAPTOP-VCB7V915" failures="0" tests="1" name="TestNG_Selenium.ClassTest1" time="8.691" errors="0" timestamp="2025-08-20T21:09:05 IST" skipped="0">
  <testcase classname="TestNG_Selenium.ClassTest1" name="amazon" time="8.691"/>
</testsuite> <!-- TestNG_Selenium.ClassTest1 -->
