<?xml version="1.0" encoding="UTF-8"?>
<!-- Generated by org.testng.reporters.JUnitReportReporter -->
<testsuite hostname="LAPTOP-VCB7V915" failures="0" tests="1" name="TestNG_Selenium.Explicit_wait" time="19.153" errors="0" timestamp="2025-08-14T16:49:43 IST" skipped="0">
  <testcase classname="TestNG_Selenium.Explicit_wait" name="f" time="19.153"/>
</testsuite> <!-- TestNG_Selenium.Explicit_wait -->
