<?xml version="1.0" encoding="UTF-8"?>
<!-- Generated by org.testng.reporters.JUnitReportReporter -->
<testsuite hostname="LAPTOP-VCB7V915" failures="0" tests="2" name="TestNG_Selenium.AssertDemo" time="0.044" errors="0" timestamp="2025-08-18T10:51:21 IST" skipped="0">
  <testcase classname="TestNG_Selenium.AssertDemo" name="url" time="0.020"/>
  <testcase classname="TestNG_Selenium.AssertDemo" name="title" time="0.024"/>
</testsuite> <!-- TestNG_Selenium.AssertDemo -->
